<ns0:test-suite xmlns:ns0="urn:model.allure.qatools.yandex.ru" start="1548408618276" stop="1548408618307">
  <name>test_01</name>
  <labels/>
  <test-cases>
    <test-case start="1548408618276" status="passed" stop="1548408618276">
      <name>Test_001.test_001</name>
      <attachments/>
      <labels>
        <label name="severity" value="normal"/>
        <label name="thread" value="11548-MainThread"/>
        <label name="host" value="DESKTOP-61374FI"/>
        <label name="framework" value="pytest"/>
        <label name="language" value="cpython3"/>
      </labels>
      <steps>
        <step start="1548408618276" status="passed" stop="1548408618276">
          <name>我是测试步骤1</name>
          <title>我是测试步骤1</title>
          <attachments/>
          <steps/>
        </step>
      </steps>
    </test-case>
    <test-case start="1548408618276" status="failed" stop="1548408618307">
      <name>Test_001.test_002</name>
      <failure>
        <message>AssertionError: assert False</message>
        <stack-trace>self = &lt;test_01.Test_001 object at 0x0000023A3E4F33C8&gt;

    @allure.step(title="我是测试步骤22222")
    def test_002(self):
        print('002')
&gt;       assert False
E       assert False

Scripts\test_01.py:12: AssertionError</stack-trace>
      </failure>
      <attachments/>
      <labels>
        <label name="severity" value="normal"/>
        <label name="thread" value="11548-MainThread"/>
        <label name="host" value="DESKTOP-61374FI"/>
        <label name="framework" value="pytest"/>
        <label name="language" value="cpython3"/>
      </labels>
      <steps>
        <step start="1548408618276" status="failed" stop="1548408618276">
          <name>我是测试步骤22222</name>
          <title>我是测试步骤22222</title>
          <attachments/>
          <steps/>
        </step>
      </steps>
    </test-case>
  </test-cases>
</ns0:test-suite>
